[01:27:45] [main/WARN]: Ambiguity between arguments [teleport, destination] and [teleport, targets] with inputs: [Player, 0123, @e, dd12be42-52a9-4a91-a8a1-11c01849e498]
[01:27:45] [main/WARN]: Ambiguity between arguments [teleport, location] and [teleport, destination] with inputs: [0.1 -0.5 .9, 0 0 0]
[01:27:45] [main/WARN]: Ambiguity between arguments [teleport, location] and [teleport, targets] with inputs: [0.1 -0.5 .9, 0 0 0]
[01:27:45] [main/WARN]: Ambiguity between arguments [teleport, targets] and [teleport, destination] with inputs: [Player, 0123, dd12be42-52a9-4a91-a8a1-11c01849e498]
[01:27:45] [main/WARN]: Ambiguity between arguments [teleport, targets, location] and [teleport, targets, destination] with inputs: [0.1 -0.5 .9, 0 0 0]
[01:27:45] [main/INFO]: Loaded 0 recipes
[01:27:45] [main/INFO]: Loaded 0 advancements
[01:27:45] [Server thread/INFO]: Starting minecraft server version 1.13.2
[01:27:45] [Server thread/INFO]: Loading properties
[01:27:45] [Server thread/INFO]: Default game type: SURVIVAL
[01:27:45] [Server thread/INFO]: Generating keypair
[01:27:46] [Server thread/INFO]: Starting Minecraft server on *:25565
[01:27:46] [Server thread/INFO]: Using epoll channel type
[01:27:46] [Server thread/INFO]: Preparing level "world"
[01:27:46] [Server thread/INFO]: Reloading ResourceManager: Default
[01:27:47] [Server thread/INFO]: Loaded 524 recipes
[01:27:48] [Server thread/INFO]: Loaded 571 advancements
[01:27:48] [Server thread/INFO]: Preparing start region for dimension minecraft:overworld
[01:27:49] [Server thread/INFO]: Preparing spawn area: 4%
[01:27:49] [Server thread/INFO]: Preparing spawn area: 8%
[01:27:49] [Server thread/INFO]: Preparing spawn area: 12%
[01:27:49] [Server thread/INFO]: Preparing spawn area: 16%
[01:27:49] [Server thread/INFO]: Preparing spawn area: 20%
[01:27:49] [Server thread/INFO]: Preparing spawn area: 24%
[01:27:50] [Server thread/INFO]: Preparing spawn area: 28%
[01:27:50] [Server thread/INFO]: Preparing spawn area: 32%
[01:27:50] [Server thread/INFO]: Preparing spawn area: 36%
[01:27:50] [Server thread/INFO]: Preparing spawn area: 40%
[01:27:50] [Server thread/INFO]: Preparing spawn area: 44%
[01:27:50] [Server thread/INFO]: Preparing spawn area: 48%
[01:27:50] [Server thread/INFO]: Preparing spawn area: 52%
[01:27:50] [Server thread/INFO]: Preparing spawn area: 56%
[01:27:50] [Server thread/INFO]: Preparing spawn area: 60%
[01:27:50] [Server thread/INFO]: Preparing spawn area: 64%
[01:27:51] [Server thread/INFO]: Preparing spawn area: 68%
[01:27:51] [Server thread/INFO]: Preparing spawn area: 72%
[01:27:51] [Server thread/INFO]: Preparing spawn area: 76%
[01:27:51] [Server thread/INFO]: Preparing spawn area: 80%
[01:27:51] [Server thread/INFO]: Preparing spawn area: 84%
[01:27:51] [Server thread/INFO]: Preparing spawn area: 88%
[01:27:51] [Server thread/INFO]: Preparing spawn area: 92%
[01:27:51] [Server thread/INFO]: Preparing spawn area: 96%
[01:27:51] [Server thread/INFO]: Preparing spawn area: 100%
[01:27:51] [Server thread/INFO]: Time elapsed: 3034 ms
[01:27:51] [Server thread/INFO]: Done (4.890s)! For help, type "help"
[01:36:48] [User Authenticator #1/INFO]: UUID of player harrysix2 is efd67a32-af66-415d-a54e-93381e617ddd
[01:36:49] [Server thread/INFO]: harrysix2[/223.91.228.65:59662] logged in with entity id 396 at (-116.42891086734537, 24.0, 45.30000001192093)
[01:36:49] [Server thread/INFO]: harrysix2 joined the game
[01:36:53] [Server thread/WARN]: Can't keep up! Is the server overloaded? Running 3949ms or 78 ticks behind
[01:39:29] [Server thread/INFO]: harrysix2 has made the advancement [Acquire Hardware]
[01:39:38] [Server thread/INFO]: harrysix2 has made the advancement [Isn't It Iron Pick]
[01:41:55] [Server thread/INFO]: harrysix2 has made the advancement [Hot Stuff]
[03:02:52] [Server thread/WARN]: Can't keep up! Is the server overloaded? Running 3742ms or 74 ticks behind
[03:08:28] [Server thread/WARN]: Can't keep up! Is the server overloaded? Running 2056ms or 41 ticks behind
[03:12:48] [Server thread/INFO]: harrysix2 has made the advancement [Sweet Dreams]
[03:34:53] [Server thread/INFO]: <harrysix2> WW
[06:06:19] [Server thread/INFO]: harrysix2 has made the advancement [Best Friends Forever]
[06:14:48] [Server thread/INFO]: harrysix2 has made the advancement [Tactical Fishing]
[06:51:37] [Server thread/INFO]: harrysix2 lost connection: Disconnected
[06:51:37] [Server thread/INFO]: harrysix2 left the game
